<?xml version="1.0" encoding="UTF-8"?>
<!-- Generated by org.testng.reporters.JUnitXMLReporter -->
<testsuite ignored="0" hostname="CORPLPW100813" failures="2" tests="6" name="Implant Consumption" time="167.321" errors="0" timestamp="2022-02-04T18:27:55 IST">
  <testcase classname="automation.POCproject.PowerBLogin" name="Login" time="11.071"/>
  <testcase classname="automation.POCproject.PowerBIOpeningDashboard" name="OpeningDashboard" time="25.314"/>
  <testcase classname="automation.POCproject.PowerBIMetricsList" name="getMetricsList" time="30.327"/>
  <testcase classname="automation.POCproject.PowerBIDimensionsList" name="getDimensionsList" time="28.315"/>
  <testcase classname="automation.POCproject.PowerBIClickOnMetrics" name="clickOnMetricsList" time="32.801">
    <failure type="java.lang.AssertionError" message="The following asserts failed:
	expected [Consumed Quantity] but found [Patient Consumption]">
      <![CDATA[java.lang.AssertionError: The following asserts failed:
expected [Consumed Quantity] but found [Patient Consumption]
at automation.POCproject.PowerBIClickOnMetrics.clickOnMetricsList(PowerBIClickOnMetrics.java:68)
at java.base/java.util.ArrayList.forEach(ArrayList.java:1511)
at java.base/java.util.concurrent.FutureTask.run(FutureTask.java:264)
at java.base/java.util.concurrent.ThreadPoolExecutor.runWorker(ThreadPoolExecutor.java:1136)
at java.base/java.util.concurrent.ThreadPoolExecutor$Worker.run(ThreadPoolExecutor.java:635)
at java.base/java.lang.Thread.run(Thread.java:833)
... Removed 20 stack frames]]>
    </failure>
  </testcase> <!-- clickOnMetricsList -->
  <testcase classname="automation.POCproject.PowerBISubDimensions" name="clickOnDepartmentLevels" time="39.451">
    <failure type="org.openqa.selenium.ElementClickInterceptedException" message="element click intercepted: Element &amp;lt;iframe class=&amp;quot;visual-sandbox&amp;quot; sandbox=&amp;quot;allow-scripts&amp;quot; name=&amp;quot;visual-sandbox&amp;quot; width=&amp;quot;420&amp;quot; height=&amp;quot;40.00831255195345&amp;quot; src=&amp;quot;https://app.powerbi.com/13.0.17576.29/visualSandboxMinimal.html?locale=en-US&amp;quot; style=&amp;quot;width: 420px; height: 40.0083px;&amp;quot; cd_frame_id_=&amp;quot;4a9cb60fb2869c264e47b5c619187c94&amp;quot;&amp;gt;&amp;lt;/iframe&amp;gt; is not clickable at point (833, 162). Other element would receive the click: &amp;lt;rect x=&amp;quot;8.8&amp;quot; y=&amp;quot;0.41000000000000003&amp;quot; width=&amp;quot;862.4&amp;quot; height=&amp;quot;40.18&amp;quot; rx=&amp;quot;0&amp;quot; ry=&amp;quot;0&amp;quot; style=&amp;quot;vector-effect: non-scaling-stroke; stroke-width: 0px; stroke: rgb(255, 255, 255); stroke-opacity: 0; fill: rgb(255, 255, 255); fill-opacity: 1;&amp;quot;&amp;gt;&amp;lt;/rect&amp;gt;
  (Session info: chrome=97.0.4692.99)
Build info: version: &amp;apos;3.141.59&amp;apos;, revision: &amp;apos;e82be7d358&amp;apos;, time: &amp;apos;2018-11-14T08:17:03&amp;apos;
System info: host: &amp;apos;CORPLPW100813&amp;apos;, ip: &amp;apos;10.120.1.191&amp;apos;, os.name: &amp;apos;Windows 10&amp;apos;, os.arch: &amp;apos;amd64&amp;apos;, os.version: &amp;apos;10.0&amp;apos;, java.version: &amp;apos;17.0.1&amp;apos;
Driver info: org.openqa.selenium.chrome.ChromeDriver
Capabilities {acceptInsecureCerts: false, browserName: chrome, browserVersion: 97.0.4692.99, chrome: {chromedriverVersion: 96.0.4664.45 (76e4c1bb2ab46..., userDataDir: C:\Users\360131\AppData\Loc...}, goog:chromeOptions: {debuggerAddress: localhost:61455}, javascriptEnabled: true, networkConnectionEnabled: false, pageLoadStrategy: normal, platform: WINDOWS, platformName: WINDOWS, proxy: Proxy(), setWindowRect: true, strictFileInteractability: false, timeouts: {implicit: 0, pageLoad: 300000, script: 30000}, unhandledPromptBehavior: dismiss and notify, webauthn:extension:credBlob: true, webauthn:extension:largeBlob: true, webauthn:virtualAuthenticators: true}
Session ID: 61592f8ae87a7d5307949d7de13edc8b">
      <![CDATA[org.openqa.selenium.ElementClickInterceptedException: element click intercepted: Element <iframe class="visual-sandbox" sandbox="allow-scripts" name="visual-sandbox" width="420" height="40.00831255195345" src="https://app.powerbi.com/13.0.17576.29/visualSandboxMinimal.html?locale=en-US" style="width: 420px; height: 40.0083px;" cd_frame_id_="4a9cb60fb2869c264e47b5c619187c94"></iframe> is not clickable at point (833, 162). Other element would receive the click: <rect x="8.8" y="0.41000000000000003" width="862.4" height="40.18" rx="0" ry="0" style="vector-effect: non-scaling-stroke; stroke-width: 0px; stroke: rgb(255, 255, 255); stroke-opacity: 0; fill: rgb(255, 255, 255); fill-opacity: 1;"></rect>
  (Session info: chrome=97.0.4692.99)
Build info: version: '3.141.59', revision: 'e82be7d358', time: '2018-11-14T08:17:03'
System info: host: 'CORPLPW100813', ip: '10.120.1.191', os.name: 'Windows 10', os.arch: 'amd64', os.version: '10.0', java.version: '17.0.1'
Driver info: org.openqa.selenium.chrome.ChromeDriver
Capabilities {acceptInsecureCerts: false, browserName: chrome, browserVersion: 97.0.4692.99, chrome: {chromedriverVersion: 96.0.4664.45 (76e4c1bb2ab46..., userDataDir: C:\Users\360131\AppData\Loc...}, goog:chromeOptions: {debuggerAddress: localhost:61455}, javascriptEnabled: true, networkConnectionEnabled: false, pageLoadStrategy: normal, platform: WINDOWS, platformName: WINDOWS, proxy: Proxy(), setWindowRect: true, strictFileInteractability: false, timeouts: {implicit: 0, pageLoad: 300000, script: 30000}, unhandledPromptBehavior: dismiss and notify, webauthn:extension:credBlob: true, webauthn:extension:largeBlob: true, webauthn:virtualAuthenticators: true}
Session ID: 61592f8ae87a7d5307949d7de13edc8b
at org.openqa.selenium.remote.http.W3CHttpResponseCodec.createException(W3CHttpResponseCodec.java:187)
at org.openqa.selenium.remote.http.W3CHttpResponseCodec.decode(W3CHttpResponseCodec.java:122)
at org.openqa.selenium.remote.http.W3CHttpResponseCodec.decode(W3CHttpResponseCodec.java:49)
at org.openqa.selenium.remote.HttpCommandExecutor.execute(HttpCommandExecutor.java:158)
at org.openqa.selenium.remote.service.DriverCommandExecutor.execute(DriverCommandExecutor.java:83)
at org.openqa.selenium.remote.RemoteWebDriver.execute(RemoteWebDriver.java:552)
at org.openqa.selenium.remote.RemoteWebElement.execute(RemoteWebElement.java:285)
at org.openqa.selenium.remote.RemoteWebElement.click(RemoteWebElement.java:84)
at automation.POCproject.PowerBISubDimensions.clickOnDepartmentLevels(PowerBISubDimensions.java:52)
at java.base/java.util.ArrayList.forEach(ArrayList.java:1511)
at java.base/java.util.concurrent.FutureTask.run(FutureTask.java:264)
at java.base/java.util.concurrent.ThreadPoolExecutor.runWorker(ThreadPoolExecutor.java:1136)
at java.base/java.util.concurrent.ThreadPoolExecutor$Worker.run(ThreadPoolExecutor.java:635)
at java.base/java.lang.Thread.run(Thread.java:833)
... Removed 23 stack frames]]>
    </failure>
  </testcase> <!-- clickOnDepartmentLevels -->
</testsuite> <!-- Implant Consumption -->
